<?xml version="1.0" encoding="UTF-8"?>
<!-- Generated by org.testng.reporters.JUnitReportReporter -->
<testsuite hostname="DESKTOP-KBNFDOT" failures="0" tests="1" name="scripts.TestCase2" time="12.405" errors="0" timestamp="2022-07-23T15:02:48 IST" skipped="0">
  <testcase classname="scripts.TestCase2" name="tc2" time="12.405"/>
  <system-out/>
</testsuite> <!-- scripts.TestCase2 -->
